[0m[[0m[0mdebug[0m] [0m[0m> Exec(run, Some(729be843-8f06-477f-a83b-6464a2767eb0), Some(CommandSource(console0)))[0m
[0m[[0m[0mdebug[0m] [0m[0mEvaluating tasks: Compile / run[0m
[0m[[0m[0mdebug[0m] [0m[0mRunning task... Cancel: Signal, check cycles: false, forcegc: true[0m
[0m[[0m[0mdebug[0m] [0m[0mRunning task... Cancel: Signal, check cycles: false, forcegc: true[0m
[0m[[0m[0minfo[0m] [0m[0mcompiling 16 Scala sources and 2 Java sources to /home/vishnu/Desktop/play-scala-seed/target/scala-2.13/classes ...[0m
[0m[[0m[31merror[0m] [0m[0m/home/vishnu/Desktop/play-scala-seed/app/controllers/api/DataController.scala:17:25: type mismatch;[0m
[0m[[0m[31merror[0m] [0m[0m found   : Int(1)[0m
[0m[[0m[31merror[0m] [0m[0m required: String[0m
[0m[[0m[31merror[0m] [0m[0m    val data = new Data(1, "item 1", false)[0m
[0m[[0m[31merror[0m] [0m[0m                        ^[0m
[0m[[0m[33mwarn[0m] [0m[0m/home/vishnu/Desktop/play-scala-seed/app/controllers/api/DataMainController.scala:35:19: Auto-application to `()` is deprecated. Supply the empty argument list `()` explicitly to invoke method bindFromRequest,[0m
[0m[[0m[33mwarn[0m] [0m[0mor remove the empty argument list from its definition (Java-defined methods are exempt).[0m
[0m[[0m[33mwarn[0m] [0m[0mIn Scala 3, an unapplied method like this will be eta-expanded into a function.[0m
[0m[[0m[33mwarn[0m] [0m[0m    DataForm.form.bindFromRequest.fold([0m
[0m[[0m[33mwarn[0m] [0m[0m                  ^[0m
[0m[[0m[33mwarn[0m] [0m[0m/home/vishnu/Desktop/play-scala-seed/app/controllers/api/DataMainController.scala:48:19: Auto-application to `()` is deprecated. Supply the empty argument list `()` explicitly to invoke method bindFromRequest,[0m
[0m[[0m[33mwarn[0m] [0m[0mor remove the empty argument list from its definition (Java-defined methods are exempt).[0m
[0m[[0m[33mwarn[0m] [0m[0mIn Scala 3, an unapplied method like this will be eta-expanded into a function.[0m
[0m[[0m[33mwarn[0m] [0m[0m    DataForm.form.bindFromRequest.fold([0m
[0m[[0m[33mwarn[0m] [0m[0m                  ^[0m
[0m[[0m[33mwarn[0m] [0m[0m/home/vishnu/Desktop/play-scala-seed/conf/routes:16:1: Auto-application to `()` is deprecated. Supply the empty argument list `()` explicitly to invoke method getAll,[0m
[0m[[0m[33mwarn[0m] [0m[0mor remove the empty argument list from its definition (Java-defined methods are exempt).[0m
[0m[[0m[33mwarn[0m] [0m[0mIn Scala 3, an unapplied method like this will be eta-expanded into a function.[0m
[0m[[0m[33mwarn[0m] [0m[0mGET     /api/data                  controllers.api.DataMainController.getAll[0m
[0m[[0m[33mwarn[0m] [0m[0m/home/vishnu/Desktop/play-scala-seed/conf/routes:18:1: Auto-application to `()` is deprecated. Supply the empty argument list `()` explicitly to invoke method add,[0m
[0m[[0m[33mwarn[0m] [0m[0mor remove the empty argument list from its definition (Java-defined methods are exempt).[0m
[0m[[0m[33mwarn[0m] [0m[0mIn Scala 3, an unapplied method like this will be eta-expanded into a function.[0m
[0m[[0m[33mwarn[0m] [0m[0mPOST    /api/data/add              controllers.api.DataMainController.add[0m
[0m[[0m[33mwarn[0m] [0m[0m/home/vishnu/Desktop/play-scala-seed/conf/routes:16:1: Auto-application to `()` is deprecated. Supply the empty argument list `()` explicitly to invoke method getAll,[0m
[0m[[0m[33mwarn[0m] [0m[0mor remove the empty argument list from its definition (Java-defined methods are exempt).[0m
[0m[[0m[33mwarn[0m] [0m[0mIn Scala 3, an unapplied method like this will be eta-expanded into a function.[0m
[0m[[0m[33mwarn[0m] [0m[0mGET     /api/data                  controllers.api.DataMainController.getAll[0m
[0m[[0m[33mwarn[0m] [0m[0m/home/vishnu/Desktop/play-scala-seed/conf/routes:18:1: Auto-application to `()` is deprecated. Supply the empty argument list `()` explicitly to invoke method add,[0m
[0m[[0m[33mwarn[0m] [0m[0mor remove the empty argument list from its definition (Java-defined methods are exempt).[0m
[0m[[0m[33mwarn[0m] [0m[0mIn Scala 3, an unapplied method like this will be eta-expanded into a function.[0m
[0m[[0m[33mwarn[0m] [0m[0mPOST    /api/data/add              controllers.api.DataMainController.add[0m
[0m[[0m[33mwarn[0m] [0m[0m6 warnings found[0m
[0m[[0m[31merror[0m] [0m[0mone error found[0m
[0m[[0m[31merror[0m] [0m[0m(Compile / [31mcompileIncremental[0m) Compilation failed[0m
[0m[[0m[0mdebug[0m] [0m[0mRunning task... Cancel: Signal, check cycles: false, forcegc: true[0m
[0m[[0m[0mdebug[0m] [0m[0mRunning task... Cancel: Signal, check cycles: false, forcegc: true[0m
[0m[[0m[32msuccess[0m] [0m[0mTotal time: 157 s (02:37), completed 08-Apr-2022, 10:09:39 AM[0m
[0m[[0m[0mdebug[0m] [0m[0m> Exec(shell, None, None)[0m
